<?xml version="1.0" encoding="UTF-8"?>
<!-- Generated by org.testng.reporters.JUnitReportReporter -->
<testsuite hostname="LAPTOP-E5USAVKI" failures="0" tests="1" name="AddToCart.DWS_AddToCart_03_Test" time="2.520" errors="0" timestamp="2023-11-02T15:01:08 IST" skipped="0">
  <testcase classname="AddToCart.DWS_AddToCart_03_Test" name="Add_Product_to_AddtoCart" time="2.520"/>
  <system-out/>
</testsuite> <!-- AddToCart.DWS_AddToCart_03_Test -->
