<?xml version="1.0" encoding="UTF-8"?>
<!-- Generated by org.testng.reporters.JUnitReportReporter -->
<testsuite hostname="LAPTOP-E5USAVKI" failures="0" tests="1" name="CompareTwoProducts.DWS_Computer_06_Test" time="6.715" errors="0" timestamp="2023-11-02T14:33:45 IST" skipped="0">
  <testcase classname="CompareTwoProducts.DWS_Computer_06_Test" name="RemoveComparelist" time="6.715"/>
  <system-out/>
</testsuite> <!-- CompareTwoProducts.DWS_Computer_06_Test -->
