<?xml version="1.0" encoding="UTF-8"?>
<!-- Generated by org.testng.reporters.JUnitReportReporter -->
<testsuite hostname="LAPTOP-E5USAVKI" failures="0" tests="1" name="CompareTwoProducts.DWS_computer_05_Test" time="5.650" errors="0" timestamp="2023-11-04T11:34:46 IST" skipped="0">
  <testcase classname="CompareTwoProducts.DWS_computer_05_Test" name="Comparetwoproducts" time="5.650"/>
  <system-out/>
</testsuite> <!-- CompareTwoProducts.DWS_computer_05_Test -->
