<?xml version="1.0" encoding="UTF-8"?>
<!-- Generated by org.testng.reporters.JUnitReportReporter -->
<testsuite hostname="LAPTOP-E5USAVKI" failures="0" tests="1" name="AddToCart.DWS_Books_04_Test" time="3.548" errors="0" timestamp="2023-11-04T15:26:40 IST" skipped="0">
  <testcase classname="AddToCart.DWS_Books_04_Test" name="Add_Books_Product_to_add_the_cart" time="3.548"/>
  <system-out/>
</testsuite> <!-- AddToCart.DWS_Books_04_Test -->
