<?xml version="1.0" encoding="UTF-8"?>
<!-- Generated by org.testng.reporters.JUnitReportReporter -->
<testsuite hostname="LAPTOP-E5USAVKI" failures="0" tests="6" name="Frameworkcheck.ExceldataCheck" time="0.017" errors="0" timestamp="2023-10-30T23:45:05 IST" skipped="0">
  <testcase classname="Frameworkcheck.ExceldataCheck" name="read" time="0.001"/>
  <system-out/>
  <testcase classname="Frameworkcheck.ExceldataCheck" name="read" time="0.001"/>
  <system-out/>
  <testcase classname="Frameworkcheck.ExceldataCheck" name="read" time="0.002"/>
  <system-out/>
  <testcase classname="Frameworkcheck.ExceldataCheck" name="read" time="0.009"/>
  <system-out/>
  <testcase classname="Frameworkcheck.ExceldataCheck" name="read" time="0.001"/>
  <system-out/>
  <testcase classname="Frameworkcheck.ExceldataCheck" name="read" time="0.003"/>
  <system-out/>
</testsuite> <!-- Frameworkcheck.ExceldataCheck -->
