<?xml version="1.0" encoding="UTF-8"?>
<!-- Generated by org.testng.reporters.JUnitReportReporter -->
<testsuite hostname="LAPTOP-E5USAVKI" failures="0" tests="3" name="login.DWS_Login_01_Test" time="3.371" errors="0" timestamp="2023-11-03T12:14:36 IST" skipped="0">
  <testcase classname="login.DWS_Login_01_Test" name="login_to_Application_with_valid_credentials" time="1.425"/>
  <system-out/>
  <testcase classname="login.DWS_Login_01_Test" name="login_to_Application_with_valid_credentials" time="0.919"/>
  <system-out/>
  <testcase classname="login.DWS_Login_01_Test" name="login_to_Application_with_valid_credentials" time="1.027"/>
  <system-out/>
</testsuite> <!-- login.DWS_Login_01_Test -->
