<?xml version="1.0" encoding="UTF-8"?>
<!-- Generated by org.testng.reporters.JUnitReportReporter -->
<testsuite hostname="LAPTOP-E5USAVKI" failures="0" tests="1" name="CompareTwoProducts.DWS_computer_05" time="19.854" errors="0" timestamp="2023-11-01T12:11:31 IST" skipped="0">
  <testcase classname="CompareTwoProducts.DWS_computer_05" name="Comparetwoproducts" time="19.854"/>
  <system-out/>
</testsuite> <!-- CompareTwoProducts.DWS_computer_05 -->
