<?xml version="1.0" encoding="UTF-8"?>
<!-- Generated by org.testng.reporters.JUnitReportReporter -->
<testsuite hostname="LAPTOP-E5USAVKI" failures="0" tests="1" name="WishList.DWS_Wishlist_10_Test" time="3.808" errors="0" timestamp="2023-11-04T11:33:38 IST" skipped="0">
  <testcase classname="WishList.DWS_Wishlist_10_Test" name="removewishlist" time="3.808"/>
  <system-out/>
</testsuite> <!-- WishList.DWS_Wishlist_10_Test -->
