<?xml version="1.0" encoding="UTF-8"?>
<!-- Generated by org.testng.reporters.JUnitReportReporter -->
<testsuite hostname="LAPTOP-E5USAVKI" failures="0" tests="8" name="Frameworkcheck.EntireFrameworkCheck" time="28.940" errors="0" timestamp="2023-11-01T15:04:36 IST" skipped="1">
  <testcase classname="Frameworkcheck.EntireFrameworkCheck" name="excelcheck" time="4.658"/>
  <system-out/>
  <testcase classname="Frameworkcheck.EntireFrameworkCheck" name="excelcheck" time="4.609"/>
  <system-out/>
  <testcase classname="Frameworkcheck.EntireFrameworkCheck" name="excelcheck" time="4.538"/>
  <system-out/>
  <testcase classname="Frameworkcheck.EntireFrameworkCheck" name="excelcheck" time="4.631"/>
  <system-out/>
  <testcase classname="Frameworkcheck.EntireFrameworkCheck" name="excelcheck" time="5.493"/>
  <system-out/>
  <testcase classname="Frameworkcheck.EntireFrameworkCheck" name="excelcheck" time="4.505"/>
  <system-out/>
  <testcase classname="Frameworkcheck.EntireFrameworkCheck" name="sampletestcase" time="0.506"/>
  <system-out/>
  <testcase classname="Frameworkcheck.EntireFrameworkCheck" name="sampletestcase1">
    <skipped/>
  </testcase> <!-- sampletestcase1 -->
  <system-out/>
</testsuite> <!-- Frameworkcheck.EntireFrameworkCheck -->
