<?xml version="1.0" encoding="UTF-8"?>
<!-- Generated by org.testng.reporters.JUnitReportReporter -->
<testsuite hostname="LAPTOP-E5USAVKI" failures="0" tests="1" name="WishList.DWS_Wishlist_09_Test" time="8.816" errors="0" timestamp="2023-11-03T12:26:34 IST" skipped="0">
  <testcase classname="WishList.DWS_Wishlist_09_Test" name="Product_addTo_Wishlist" time="8.816"/>
  <system-out/>
</testsuite> <!-- WishList.DWS_Wishlist_09_Test -->
