<?xml version="1.0" encoding="UTF-8"?>
<!-- Generated by org.testng.reporters.JUnitReportReporter -->
<testsuite hostname="LAPTOP-E5USAVKI" failures="0" tests="1" name="WishList.DWS_Wishlist_11_Test" time="3.240" errors="0" timestamp="2023-11-01T20:28:06 IST" skipped="0">
  <testcase classname="WishList.DWS_Wishlist_11_Test" name="removewishlist" time="3.240"/>
  <system-out/>
</testsuite> <!-- WishList.DWS_Wishlist_11_Test -->
