<?xml version="1.0" encoding="UTF-8"?>
<!-- Generated by org.testng.reporters.JUnitReportReporter -->
<testsuite hostname="LAPTOP-E5USAVKI" failures="0" tests="1" name="FilterPrice.DWS_Jewellary_07_Test" time="1.563" errors="0" timestamp="2023-11-02T14:33:45 IST" skipped="0">
  <testcase classname="FilterPrice.DWS_Jewellary_07_Test" name="JewelryfilterPriceRange" time="1.563"/>
  <system-out/>
</testsuite> <!-- FilterPrice.DWS_Jewellary_07_Test -->
